2025-07-23 16:04:08,976 Worker rq:worker:bd893bbebfe447e08f4554370364d31d started with PID 60290, version 1.15.1
2025-07-23 16:04:08,977 Subscribing to channel rq:pubsub:bd893bbebfe447e08f4554370364d31d
2025-07-23 16:04:08,986 *** Listening on home-ash-internship_app:short, home-ash-internship_app:default, home-ash-internship_app:long...
2025-07-23 16:04:08,987 Cleaning registries for queue: home-ash-internship_app:short
2025-07-23 16:04:08,994 Cleaning registries for queue: home-ash-internship_app:default
2025-07-23 16:04:08,997 Cleaning registries for queue: home-ash-internship_app:long
2025-07-23 16:06:28,335 home-ash-internship_app:default: frappe.utils.background_jobs.execute_job(event=None, is_async=True, job_name='frappe.core.doctype.user.user.create_contact', kwargs={'user': <User: ashlyneokumu@gmail.com>, 'ignore_mandatory': True}, method='frappe.core.doctype.user.user.create_contact', site='internship.localhost', user='Administrator') (internship.localhost::e24ce196-5db8-41ce-995c-1ea5c78175e3)
2025-07-23 16:06:31,368 home-ash-internship_app:default: Job OK (internship.localhost::e24ce196-5db8-41ce-995c-1ea5c78175e3)
2025-07-23 16:06:31,369 Result is kept for 600 seconds
2025-07-23 16:06:31,391 home-ash-internship_app:default: frappe.utils.background_jobs.execute_job(event=None, is_async=True, job_name='frappe.core.doctype.user.user.update_gravatar', kwargs={'name': 'ashlyneokumu@gmail.com'}, method='frappe.core.doctype.user.user.update_gravatar', site='internship.localhost', user='Administrator') (internship.localhost::8a5ceca7-a9f3-40b6-8bf2-ccdbb1219ea4)
2025-07-23 16:06:32,208 home-ash-internship_app:default: Job OK (internship.localhost::8a5ceca7-a9f3-40b6-8bf2-ccdbb1219ea4)
2025-07-23 16:06:32,208 Result is kept for 600 seconds
2025-07-23 16:07:14,400 home-ash-internship_app:long: frappe.utils.background_jobs.execute_job(event=None, is_async=True, job_name='frappe.core.doctype.scheduled_job_type.scheduled_job_type.run_scheduled_jo..., kwargs={'job_type': 'frappe.model.utils.user_settings.sync_user_settings'}, method='frappe.core.doctype.scheduled_job_type.scheduled_job_type.run_scheduled_jo..., site='internship.localhost', user='Administrator') (internship.localhost::scheduled_job::frappe.model.utils.user_settings.sync_user_settings)
2025-07-23 16:07:15,190 home-ash-internship_app:long: Job OK (internship.localhost::scheduled_job::frappe.model.utils.user_settings.sync_user_settings)
2025-07-23 16:07:15,191 Result is kept for 600 seconds
2025-07-23 16:07:15,202 home-ash-internship_app:default: frappe.utils.background_jobs.execute_job(event=None, is_async=True, job_name='frappe.core.doctype.scheduled_job_type.scheduled_job_type.run_scheduled_jo..., kwargs={'job_type': 'frappe.email.queue.flush'}, method='frappe.core.doctype.scheduled_job_type.scheduled_job_type.run_scheduled_jo..., site='internship.localhost', user='Administrator') (internship.localhost::scheduled_job::frappe.email.queue.flush)
2025-07-23 16:07:16,099 home-ash-internship_app:default: Job OK (internship.localhost::scheduled_job::frappe.email.queue.flush)
2025-07-23 16:07:16,099 Result is kept for 600 seconds
2025-07-23 16:07:16,111 home-ash-internship_app:default: frappe.utils.background_jobs.execute_job(event=None, is_async=True, job_name='frappe.core.doctype.scheduled_job_type.scheduled_job_type.run_scheduled_jo..., kwargs={'job_type': 'frappe.automation.doctype.reminder.reminder.send_reminders'}, method='frappe.core.doctype.scheduled_job_type.scheduled_job_type.run_scheduled_jo..., site='internship.localhost', user='Administrator') (internship.localhost::scheduled_job::frappe.automation.doctype.reminder.reminder.send_reminders)
2025-07-23 16:07:16,690 home-ash-internship_app:default: Job OK (internship.localhost::scheduled_job::frappe.automation.doctype.reminder.reminder.send_reminders)
2025-07-23 16:07:16,690 Result is kept for 600 seconds
2025-07-23 16:07:16,703 home-ash-internship_app:default: frappe.utils.background_jobs.execute_job(event=None, is_async=True, job_name='frappe.core.doctype.scheduled_job_type.scheduled_job_type.run_scheduled_jo..., kwargs={'job_type': 'frappe.monitor.flush'}, method='frappe.core.doctype.scheduled_job_type.scheduled_job_type.run_scheduled_jo..., site='internship.localhost', user='Administrator') (internship.localhost::scheduled_job::frappe.monitor.flush)
2025-07-23 16:07:17,193 home-ash-internship_app:default: Job OK (internship.localhost::scheduled_job::frappe.monitor.flush)
2025-07-23 16:07:17,193 Result is kept for 600 seconds
2025-07-23 16:07:17,204 home-ash-internship_app:default: frappe.utils.background_jobs.execute_job(event=None, is_async=True, job_name='frappe.core.doctype.scheduled_job_type.scheduled_job_type.run_scheduled_jo..., kwargs={'job_type': 'frappe.email.doctype.email_account.email_account.pull'}, method='frappe.core.doctype.scheduled_job_type.scheduled_job_type.run_scheduled_jo..., site='internship.localhost', user='Administrator') (internship.localhost::scheduled_job::frappe.email.doctype.email_account.email_account.pull)
2025-07-23 16:07:17,831 home-ash-internship_app:default: Job OK (internship.localhost::scheduled_job::frappe.email.doctype.email_account.email_account.pull)
2025-07-23 16:07:17,832 Result is kept for 600 seconds
2025-07-23 16:07:17,846 home-ash-internship_app:default: frappe.utils.background_jobs.execute_job(event=None, is_async=True, job_name='frappe.core.doctype.scheduled_job_type.scheduled_job_type.run_scheduled_jo..., kwargs={'job_type': 'frappe.email.queue.retry_sending_emails'}, method='frappe.core.doctype.scheduled_job_type.scheduled_job_type.run_scheduled_jo..., site='internship.localhost', user='Administrator') (internship.localhost::scheduled_job::frappe.email.queue.retry_sending_emails)
2025-07-23 16:07:18,376 home-ash-internship_app:default: Job OK (internship.localhost::scheduled_job::frappe.email.queue.retry_sending_emails)
2025-07-23 16:07:18,376 Result is kept for 600 seconds
2025-07-23 16:07:18,388 home-ash-internship_app:default: frappe.utils.background_jobs.execute_job(event=None, is_async=True, job_name='frappe.core.doctype.scheduled_job_type.scheduled_job_type.run_scheduled_jo..., kwargs={'job_type': 'frappe.email.doctype.email_account.email_account.notify_unrep..., method='frappe.core.doctype.scheduled_job_type.scheduled_job_type.run_scheduled_jo..., site='internship.localhost', user='Administrator') (internship.localhost::scheduled_job::frappe.email.doctype.email_account.email_account.notify_unreplied)
2025-07-23 16:07:18,971 home-ash-internship_app:default: Job OK (internship.localhost::scheduled_job::frappe.email.doctype.email_account.email_account.notify_unreplied)
2025-07-23 16:07:18,971 Result is kept for 600 seconds
2025-07-23 16:07:18,983 home-ash-internship_app:default: frappe.utils.background_jobs.execute_job(event=None, is_async=True, job_name='frappe.core.doctype.scheduled_job_type.scheduled_job_type.run_scheduled_jo..., kwargs={'job_type': 'frappe.model.utils.link_count.update_link_count'}, method='frappe.core.doctype.scheduled_job_type.scheduled_job_type.run_scheduled_jo..., site='internship.localhost', user='Administrator') (internship.localhost::scheduled_job::frappe.model.utils.link_count.update_link_count)
2025-07-23 16:07:19,508 home-ash-internship_app:default: Job OK (internship.localhost::scheduled_job::frappe.model.utils.link_count.update_link_count)
2025-07-23 16:07:19,509 Result is kept for 600 seconds
2025-07-23 16:07:19,525 home-ash-internship_app:default: frappe.utils.background_jobs.execute_job(event=None, is_async=True, job_name='frappe.core.doctype.scheduled_job_type.scheduled_job_type.run_scheduled_jo..., kwargs={'job_type': 'frappe.utils.global_search.sync_global_search'}, method='frappe.core.doctype.scheduled_job_type.scheduled_job_type.run_scheduled_jo..., site='internship.localhost', user='Administrator') (internship.localhost::scheduled_job::frappe.utils.global_search.sync_global_search)
2025-07-23 16:07:20,062 home-ash-internship_app:default: Job OK (internship.localhost::scheduled_job::frappe.utils.global_search.sync_global_search)
2025-07-23 16:07:20,062 Result is kept for 600 seconds
2025-07-23 16:07:20,074 home-ash-internship_app:default: frappe.utils.background_jobs.execute_job(event=None, is_async=True, job_name='frappe.core.doctype.scheduled_job_type.scheduled_job_type.run_scheduled_jo..., kwargs={'job_type': 'frappe.deferred_insert.save_to_db'}, method='frappe.core.doctype.scheduled_job_type.scheduled_job_type.run_scheduled_jo..., site='internship.localhost', user='Administrator') (internship.localhost::scheduled_job::frappe.deferred_insert.save_to_db)
2025-07-23 16:07:20,719 home-ash-internship_app:default: Job OK (internship.localhost::scheduled_job::frappe.deferred_insert.save_to_db)
2025-07-23 16:07:20,719 Result is kept for 600 seconds
2025-07-23 16:07:20,737 home-ash-internship_app:default: frappe.utils.background_jobs.execute_job(event=None, is_async=True, job_name='frappe.core.doctype.scheduled_job_type.scheduled_job_type.run_scheduled_jo..., kwargs={'job_type': 'frappe.email.doctype.newsletter.newsletter.send_scheduled_ema..., method='frappe.core.doctype.scheduled_job_type.scheduled_job_type.run_scheduled_jo..., site='internship.localhost', user='Administrator') (internship.localhost::scheduled_job::frappe.email.doctype.newsletter.newsletter.send_scheduled_email)
2025-07-23 16:07:21,402 home-ash-internship_app:default: Job OK (internship.localhost::scheduled_job::frappe.email.doctype.newsletter.newsletter.send_scheduled_email)
2025-07-23 16:07:21,402 Result is kept for 600 seconds
2025-07-23 16:07:21,416 home-ash-internship_app:default: frappe.utils.background_jobs.execute_job(event=None, is_async=True, job_name='frappe.core.doctype.scheduled_job_type.scheduled_job_type.run_scheduled_jo..., kwargs={'job_type': 'frappe.integrations.doctype.google_calendar.google_calendar.s..., method='frappe.core.doctype.scheduled_job_type.scheduled_job_type.run_scheduled_jo..., site='internship.localhost', user='Administrator') (internship.localhost::scheduled_job::frappe.integrations.doctype.google_calendar.google_calendar.sync)
2025-07-23 16:07:22,140 home-ash-internship_app:default: Job OK (internship.localhost::scheduled_job::frappe.integrations.doctype.google_calendar.google_calendar.sync)
2025-07-23 16:07:22,140 Result is kept for 600 seconds
2025-07-23 16:07:22,152 home-ash-internship_app:long: frappe.utils.background_jobs.execute_job(event=None, is_async=True, job_name='frappe.core.doctype.scheduled_job_type.scheduled_job_type.run_scheduled_jo..., kwargs={'job_type': 'frappe.desk.page.backups.backups.delete_downloadable_backups'..., method='frappe.core.doctype.scheduled_job_type.scheduled_job_type.run_scheduled_jo..., site='internship.localhost', user='Administrator') (internship.localhost::scheduled_job::frappe.desk.page.backups.backups.delete_downloadable_backups)
2025-07-23 16:07:22,636 home-ash-internship_app:long: Job OK (internship.localhost::scheduled_job::frappe.desk.page.backups.backups.delete_downloadable_backups)
2025-07-23 16:07:22,636 Result is kept for 600 seconds
2025-07-23 16:07:22,648 home-ash-internship_app:long: frappe.utils.background_jobs.execute_job(event=None, is_async=True, job_name='frappe.core.doctype.scheduled_job_type.scheduled_job_type.run_scheduled_jo..., kwargs={'job_type': 'frappe.twofactor.delete_all_barcodes_for_users'}, method='frappe.core.doctype.scheduled_job_type.scheduled_job_type.run_scheduled_jo..., site='internship.localhost', user='Administrator') (internship.localhost::scheduled_job::frappe.twofactor.delete_all_barcodes_for_users)
2025-07-23 16:07:23,190 home-ash-internship_app:long: Job OK (internship.localhost::scheduled_job::frappe.twofactor.delete_all_barcodes_for_users)
2025-07-23 16:07:23,190 Result is kept for 600 seconds
2025-07-23 16:07:23,202 home-ash-internship_app:long: frappe.utils.background_jobs.execute_job(event=None, is_async=True, job_name='frappe.core.doctype.scheduled_job_type.scheduled_job_type.run_scheduled_jo..., kwargs={'job_type': 'frappe.oauth.delete_oauth2_data'}, method='frappe.core.doctype.scheduled_job_type.scheduled_job_type.run_scheduled_jo..., site='internship.localhost', user='Administrator') (internship.localhost::scheduled_job::frappe.oauth.delete_oauth2_data)
2025-07-23 16:07:24,095 home-ash-internship_app:long: Job OK (internship.localhost::scheduled_job::frappe.oauth.delete_oauth2_data)
2025-07-23 16:07:24,095 Result is kept for 600 seconds
2025-07-23 16:07:24,109 home-ash-internship_app:long: frappe.utils.background_jobs.execute_job(event=None, is_async=True, job_name='frappe.core.doctype.scheduled_job_type.scheduled_job_type.run_scheduled_jo..., kwargs={'job_type': 'frappe.desk.form.document_follow.send_hourly_updates'}, method='frappe.core.doctype.scheduled_job_type.scheduled_job_type.run_scheduled_jo..., site='internship.localhost', user='Administrator') (internship.localhost::scheduled_job::frappe.desk.form.document_follow.send_hourly_updates)
2025-07-23 16:07:24,704 home-ash-internship_app:long: Job OK (internship.localhost::scheduled_job::frappe.desk.form.document_follow.send_hourly_updates)
2025-07-23 16:07:24,704 Result is kept for 600 seconds
2025-07-23 16:07:24,716 home-ash-internship_app:long: frappe.utils.background_jobs.execute_job(event=None, is_async=True, job_name='frappe.core.doctype.scheduled_job_type.scheduled_job_type.run_scheduled_jo..., kwargs={'job_type': 'frappe.website.doctype.web_page.web_page.check_publish_status..., method='frappe.core.doctype.scheduled_job_type.scheduled_job_type.run_scheduled_jo..., site='internship.localhost', user='Administrator') (internship.localhost::scheduled_job::frappe.website.doctype.web_page.web_page.check_publish_status)
2025-07-23 16:07:25,658 home-ash-internship_app:long: Job OK (internship.localhost::scheduled_job::frappe.website.doctype.web_page.web_page.check_publish_status)
2025-07-23 16:07:25,658 Result is kept for 600 seconds
2025-07-23 16:07:25,678 home-ash-internship_app:long: frappe.utils.background_jobs.execute_job(event=None, is_async=True, job_name='frappe.core.doctype.scheduled_job_type.scheduled_job_type.run_scheduled_jo..., kwargs={'job_type': 'frappe.core.doctype.prepared_report.prepared_report.expire_st..., method='frappe.core.doctype.scheduled_job_type.scheduled_job_type.run_scheduled_jo..., site='internship.localhost', user='Administrator') (internship.localhost::scheduled_job::frappe.core.doctype.prepared_report.prepared_report.expire_stalled_report)
2025-07-23 16:07:26,953 home-ash-internship_app:long: Job OK (internship.localhost::scheduled_job::frappe.core.doctype.prepared_report.prepared_report.expire_stalled_report)
2025-07-23 16:07:26,953 Result is kept for 600 seconds
2025-07-23 16:07:26,969 home-ash-internship_app:long: frappe.utils.background_jobs.execute_job(event=None, is_async=True, job_name='frappe.core.doctype.scheduled_job_type.scheduled_job_type.run_scheduled_jo..., kwargs={'job_type': 'frappe.website.doctype.personal_data_deletion_request.persona..., method='frappe.core.doctype.scheduled_job_type.scheduled_job_type.run_scheduled_jo..., site='internship.localhost', user='Administrator') (internship.localhost::scheduled_job::frappe.website.doctype.personal_data_deletion_request.personal_data_deletion_request.process_data_deletion_request)
2025-07-23 16:07:28,004 home-ash-internship_app:long: Job OK (internship.localhost::scheduled_job::frappe.website.doctype.personal_data_deletion_request.personal_data_deletion_request.process_data_deletion_request)
2025-07-23 16:07:28,005 Result is kept for 600 seconds
2025-07-23 16:08:16,093 home-ash-internship_app:default: frappe.utils.background_jobs.execute_job(event=None, is_async=True, job_name='frappe.core.doctype.scheduled_job_type.scheduled_job_type.run_scheduled_jo..., kwargs={'job_type': 'frappe.email.queue.retry_sending_emails'}, method='frappe.core.doctype.scheduled_job_type.scheduled_job_type.run_scheduled_jo..., site='internship.localhost', user='Administrator') (internship.localhost::scheduled_job::frappe.email.queue.retry_sending_emails)
2025-07-23 16:08:16,751 home-ash-internship_app:default: Job OK (internship.localhost::scheduled_job::frappe.email.queue.retry_sending_emails)
2025-07-23 16:08:16,751 Result is kept for 600 seconds
2025-07-23 16:08:16,766 home-ash-internship_app:default: frappe.utils.background_jobs.execute_job(event=None, is_async=True, job_name='frappe.core.doctype.scheduled_job_type.scheduled_job_type.run_scheduled_jo..., kwargs={'job_type': 'frappe.integrations.doctype.google_calendar.google_calendar.s..., method='frappe.core.doctype.scheduled_job_type.scheduled_job_type.run_scheduled_jo..., site='internship.localhost', user='Administrator') (internship.localhost::scheduled_job::frappe.integrations.doctype.google_calendar.google_calendar.sync)
2025-07-23 16:08:17,568 home-ash-internship_app:default: Job OK (internship.localhost::scheduled_job::frappe.integrations.doctype.google_calendar.google_calendar.sync)
2025-07-23 16:08:17,568 Result is kept for 600 seconds
2025-07-23 16:08:17,583 home-ash-internship_app:default: frappe.utils.background_jobs.execute_job(event=None, is_async=True, job_name='frappe.core.doctype.scheduled_job_type.scheduled_job_type.run_scheduled_jo..., kwargs={'job_type': 'frappe.email.queue.flush'}, method='frappe.core.doctype.scheduled_job_type.scheduled_job_type.run_scheduled_jo..., site='internship.localhost', user='Administrator') (internship.localhost::scheduled_job::frappe.email.queue.flush)
2025-07-23 16:08:18,190 home-ash-internship_app:default: Job OK (internship.localhost::scheduled_job::frappe.email.queue.flush)
2025-07-23 16:08:18,191 Result is kept for 600 seconds
2025-07-23 16:08:18,207 home-ash-internship_app:default: frappe.utils.background_jobs.execute_job(event=None, is_async=True, job_name='frappe.core.doctype.scheduled_job_type.scheduled_job_type.run_scheduled_jo..., kwargs={'job_type': 'frappe.monitor.flush'}, method='frappe.core.doctype.scheduled_job_type.scheduled_job_type.run_scheduled_jo..., site='internship.localhost', user='Administrator') (internship.localhost::scheduled_job::frappe.monitor.flush)
2025-07-23 16:08:18,756 home-ash-internship_app:default: Job OK (internship.localhost::scheduled_job::frappe.monitor.flush)
2025-07-23 16:08:18,757 Result is kept for 600 seconds
2025-07-23 16:10:18,618 home-ash-internship_app:default: frappe.utils.background_jobs.execute_job(event=None, is_async=True, job_name='frappe.core.doctype.scheduled_job_type.scheduled_job_type.run_scheduled_jo..., kwargs={'job_type': 'frappe.email.doctype.email_account.email_account.pull'}, method='frappe.core.doctype.scheduled_job_type.scheduled_job_type.run_scheduled_jo..., site='internship.localhost', user='Administrator') (internship.localhost::scheduled_job::frappe.email.doctype.email_account.email_account.pull)
2025-07-23 16:10:19,230 home-ash-internship_app:default: Job OK (internship.localhost::scheduled_job::frappe.email.doctype.email_account.email_account.pull)
2025-07-23 16:10:19,230 Result is kept for 600 seconds
2025-07-23 16:12:21,960 home-ash-internship_app:default: frappe.utils.background_jobs.execute_job(event=None, is_async=True, job_name='frappe.core.doctype.scheduled_job_type.scheduled_job_type.run_scheduled_jo..., kwargs={'job_type': 'frappe.monitor.flush'}, method='frappe.core.doctype.scheduled_job_type.scheduled_job_type.run_scheduled_jo..., site='internship.localhost', user='Administrator') (internship.localhost::scheduled_job::frappe.monitor.flush)
2025-07-23 16:12:22,603 home-ash-internship_app:default: Job OK (internship.localhost::scheduled_job::frappe.monitor.flush)
2025-07-23 16:12:22,603 Result is kept for 600 seconds
2025-07-23 16:12:22,616 home-ash-internship_app:default: frappe.utils.background_jobs.execute_job(event=None, is_async=True, job_name='frappe.core.doctype.scheduled_job_type.scheduled_job_type.run_scheduled_jo..., kwargs={'job_type': 'frappe.email.queue.flush'}, method='frappe.core.doctype.scheduled_job_type.scheduled_job_type.run_scheduled_jo..., site='internship.localhost', user='Administrator') (internship.localhost::scheduled_job::frappe.email.queue.flush)
2025-07-23 16:12:23,432 home-ash-internship_app:default: Job OK (internship.localhost::scheduled_job::frappe.email.queue.flush)
2025-07-23 16:12:23,433 Result is kept for 600 seconds
2025-07-23 16:12:23,446 home-ash-internship_app:default: frappe.utils.background_jobs.execute_job(event=None, is_async=True, job_name='frappe.core.doctype.scheduled_job_type.scheduled_job_type.run_scheduled_jo..., kwargs={'job_type': 'frappe.email.queue.retry_sending_emails'}, method='frappe.core.doctype.scheduled_job_type.scheduled_job_type.run_scheduled_jo..., site='internship.localhost', user='Administrator') (internship.localhost::scheduled_job::frappe.email.queue.retry_sending_emails)
2025-07-23 16:12:23,958 home-ash-internship_app:default: Job OK (internship.localhost::scheduled_job::frappe.email.queue.retry_sending_emails)
2025-07-23 16:12:23,958 Result is kept for 600 seconds
2025-07-23 16:12:23,970 home-ash-internship_app:default: frappe.utils.background_jobs.execute_job(event=None, is_async=True, job_name='frappe.core.doctype.scheduled_job_type.scheduled_job_type.run_scheduled_jo..., kwargs={'job_type': 'frappe.integrations.doctype.google_calendar.google_calendar.s..., method='frappe.core.doctype.scheduled_job_type.scheduled_job_type.run_scheduled_jo..., site='internship.localhost', user='Administrator') (internship.localhost::scheduled_job::frappe.integrations.doctype.google_calendar.google_calendar.sync)
2025-07-23 16:12:24,667 home-ash-internship_app:default: Job OK (internship.localhost::scheduled_job::frappe.integrations.doctype.google_calendar.google_calendar.sync)
2025-07-23 16:12:24,668 Result is kept for 600 seconds
2025-07-23 16:15:25,873 home-ash-internship_app:default: frappe.utils.background_jobs.execute_job(event=None, is_async=True, job_name='frappe.core.doctype.scheduled_job_type.scheduled_job_type.run_scheduled_jo..., kwargs={'job_type': 'frappe.utils.global_search.sync_global_search'}, method='frappe.core.doctype.scheduled_job_type.scheduled_job_type.run_scheduled_jo..., site='internship.localhost', user='Administrator') (internship.localhost::scheduled_job::frappe.utils.global_search.sync_global_search)
2025-07-23 16:15:26,652 home-ash-internship_app:default: Job OK (internship.localhost::scheduled_job::frappe.utils.global_search.sync_global_search)
2025-07-23 16:15:26,653 Result is kept for 600 seconds
2025-07-23 16:15:26,668 home-ash-internship_app:default: frappe.utils.background_jobs.execute_job(event=None, is_async=True, job_name='frappe.core.doctype.scheduled_job_type.scheduled_job_type.run_scheduled_jo..., kwargs={'job_type': 'frappe.model.utils.link_count.update_link_count'}, method='frappe.core.doctype.scheduled_job_type.scheduled_job_type.run_scheduled_jo..., site='internship.localhost', user='Administrator') (internship.localhost::scheduled_job::frappe.model.utils.link_count.update_link_count)
2025-07-23 16:15:27,426 home-ash-internship_app:default: Job OK (internship.localhost::scheduled_job::frappe.model.utils.link_count.update_link_count)
2025-07-23 16:15:27,427 Result is kept for 600 seconds
2025-07-23 16:15:27,439 home-ash-internship_app:default: frappe.utils.background_jobs.execute_job(event=None, is_async=True, job_name='frappe.core.doctype.scheduled_job_type.scheduled_job_type.run_scheduled_jo..., kwargs={'job_type': 'frappe.email.doctype.email_account.email_account.notify_unrep..., method='frappe.core.doctype.scheduled_job_type.scheduled_job_type.run_scheduled_jo..., site='internship.localhost', user='Administrator') (internship.localhost::scheduled_job::frappe.email.doctype.email_account.email_account.notify_unreplied)
2025-07-23 16:15:28,074 home-ash-internship_app:default: Job OK (internship.localhost::scheduled_job::frappe.email.doctype.email_account.email_account.notify_unreplied)
2025-07-23 16:15:28,074 Result is kept for 600 seconds
2025-07-23 16:15:28,088 home-ash-internship_app:default: frappe.utils.background_jobs.execute_job(event=None, is_async=True, job_name='frappe.core.doctype.scheduled_job_type.scheduled_job_type.run_scheduled_jo..., kwargs={'job_type': 'frappe.deferred_insert.save_to_db'}, method='frappe.core.doctype.scheduled_job_type.scheduled_job_type.run_scheduled_jo..., site='internship.localhost', user='Administrator') (internship.localhost::scheduled_job::frappe.deferred_insert.save_to_db)
2025-07-23 16:15:29,025 home-ash-internship_app:default: Job OK (internship.localhost::scheduled_job::frappe.deferred_insert.save_to_db)
2025-07-23 16:15:29,026 Result is kept for 600 seconds
2025-07-23 16:15:29,039 home-ash-internship_app:default: frappe.utils.background_jobs.execute_job(event=None, is_async=True, job_name='frappe.core.doctype.scheduled_job_type.scheduled_job_type.run_scheduled_jo..., kwargs={'job_type': 'frappe.automation.doctype.reminder.reminder.send_reminders'}, method='frappe.core.doctype.scheduled_job_type.scheduled_job_type.run_scheduled_jo..., site='internship.localhost', user='Administrator') (internship.localhost::scheduled_job::frappe.automation.doctype.reminder.reminder.send_reminders)
2025-07-23 16:15:29,625 home-ash-internship_app:default: Job OK (internship.localhost::scheduled_job::frappe.automation.doctype.reminder.reminder.send_reminders)
2025-07-23 16:15:29,625 Result is kept for 600 seconds
2025-07-23 16:16:27,560 home-ash-internship_app:default: frappe.utils.background_jobs.execute_job(event=None, is_async=True, job_name='frappe.core.doctype.scheduled_job_type.scheduled_job_type.run_scheduled_jo..., kwargs={'job_type': 'frappe.email.queue.retry_sending_emails'}, method='frappe.core.doctype.scheduled_job_type.scheduled_job_type.run_scheduled_jo..., site='internship.localhost', user='Administrator') (internship.localhost::scheduled_job::frappe.email.queue.retry_sending_emails)
2025-07-23 16:16:28,257 home-ash-internship_app:default: Job OK (internship.localhost::scheduled_job::frappe.email.queue.retry_sending_emails)
2025-07-23 16:16:28,257 Result is kept for 600 seconds
2025-07-23 16:16:28,271 home-ash-internship_app:default: frappe.utils.background_jobs.execute_job(event=None, is_async=True, job_name='frappe.core.doctype.scheduled_job_type.scheduled_job_type.run_scheduled_jo..., kwargs={'job_type': 'frappe.monitor.flush'}, method='frappe.core.doctype.scheduled_job_type.scheduled_job_type.run_scheduled_jo..., site='internship.localhost', user='Administrator') (internship.localhost::scheduled_job::frappe.monitor.flush)
2025-07-23 16:16:28,984 home-ash-internship_app:default: Job OK (internship.localhost::scheduled_job::frappe.monitor.flush)
2025-07-23 16:16:28,984 Result is kept for 600 seconds
2025-07-23 16:16:28,997 home-ash-internship_app:default: frappe.utils.background_jobs.execute_job(event=None, is_async=True, job_name='frappe.core.doctype.scheduled_job_type.scheduled_job_type.run_scheduled_jo..., kwargs={'job_type': 'frappe.integrations.doctype.google_calendar.google_calendar.s..., method='frappe.core.doctype.scheduled_job_type.scheduled_job_type.run_scheduled_jo..., site='internship.localhost', user='Administrator') (internship.localhost::scheduled_job::frappe.integrations.doctype.google_calendar.google_calendar.sync)
2025-07-23 16:16:29,676 home-ash-internship_app:default: Job OK (internship.localhost::scheduled_job::frappe.integrations.doctype.google_calendar.google_calendar.sync)
2025-07-23 16:16:29,676 Result is kept for 600 seconds
2025-07-23 16:16:29,695 home-ash-internship_app:default: frappe.utils.background_jobs.execute_job(event=None, is_async=True, job_name='frappe.core.doctype.scheduled_job_type.scheduled_job_type.run_scheduled_jo..., kwargs={'job_type': 'frappe.email.queue.flush'}, method='frappe.core.doctype.scheduled_job_type.scheduled_job_type.run_scheduled_jo..., site='internship.localhost', user='Administrator') (internship.localhost::scheduled_job::frappe.email.queue.flush)
2025-07-23 16:16:30,349 home-ash-internship_app:default: Job OK (internship.localhost::scheduled_job::frappe.email.queue.flush)
2025-07-23 16:16:30,350 Result is kept for 600 seconds
2025-07-23 16:20:32,010 home-ash-internship_app:default: frappe.utils.background_jobs.execute_job(event=None, is_async=True, job_name='frappe.core.doctype.scheduled_job_type.scheduled_job_type.run_scheduled_jo..., kwargs={'job_type': 'frappe.integrations.doctype.google_calendar.google_calendar.s..., method='frappe.core.doctype.scheduled_job_type.scheduled_job_type.run_scheduled_jo..., site='internship.localhost', user='Administrator') (internship.localhost::scheduled_job::frappe.integrations.doctype.google_calendar.google_calendar.sync)
2025-07-23 16:20:32,721 home-ash-internship_app:default: Job OK (internship.localhost::scheduled_job::frappe.integrations.doctype.google_calendar.google_calendar.sync)
2025-07-23 16:20:32,721 Result is kept for 600 seconds
2025-07-23 16:20:32,733 home-ash-internship_app:default: frappe.utils.background_jobs.execute_job(event=None, is_async=True, job_name='frappe.core.doctype.scheduled_job_type.scheduled_job_type.run_scheduled_jo..., kwargs={'job_type': 'frappe.email.queue.flush'}, method='frappe.core.doctype.scheduled_job_type.scheduled_job_type.run_scheduled_jo..., site='internship.localhost', user='Administrator') (internship.localhost::scheduled_job::frappe.email.queue.flush)
2025-07-23 16:20:33,387 home-ash-internship_app:default: Job OK (internship.localhost::scheduled_job::frappe.email.queue.flush)
2025-07-23 16:20:33,387 Result is kept for 600 seconds
2025-07-23 16:20:33,400 home-ash-internship_app:default: frappe.utils.background_jobs.execute_job(event=None, is_async=True, job_name='frappe.core.doctype.scheduled_job_type.scheduled_job_type.run_scheduled_jo..., kwargs={'job_type': 'frappe.email.doctype.email_account.email_account.pull'}, method='frappe.core.doctype.scheduled_job_type.scheduled_job_type.run_scheduled_jo..., site='internship.localhost', user='Administrator') (internship.localhost::scheduled_job::frappe.email.doctype.email_account.email_account.pull)
2025-07-23 16:20:33,925 home-ash-internship_app:default: Job OK (internship.localhost::scheduled_job::frappe.email.doctype.email_account.email_account.pull)
2025-07-23 16:20:33,925 Result is kept for 600 seconds
2025-07-23 16:20:33,937 home-ash-internship_app:default: frappe.utils.background_jobs.execute_job(event=None, is_async=True, job_name='frappe.core.doctype.scheduled_job_type.scheduled_job_type.run_scheduled_jo..., kwargs={'job_type': 'frappe.monitor.flush'}, method='frappe.core.doctype.scheduled_job_type.scheduled_job_type.run_scheduled_jo..., site='internship.localhost', user='Administrator') (internship.localhost::scheduled_job::frappe.monitor.flush)
2025-07-23 16:20:35,173 home-ash-internship_app:default: Job OK (internship.localhost::scheduled_job::frappe.monitor.flush)
2025-07-23 16:20:35,174 Result is kept for 600 seconds
2025-07-23 16:20:35,184 home-ash-internship_app:default: frappe.utils.background_jobs.execute_job(event=None, is_async=True, job_name='frappe.core.doctype.scheduled_job_type.scheduled_job_type.run_scheduled_jo..., kwargs={'job_type': 'frappe.email.queue.retry_sending_emails'}, method='frappe.core.doctype.scheduled_job_type.scheduled_job_type.run_scheduled_jo..., site='internship.localhost', user='Administrator') (internship.localhost::scheduled_job::frappe.email.queue.retry_sending_emails)
2025-07-23 16:20:35,709 home-ash-internship_app:default: Job OK (internship.localhost::scheduled_job::frappe.email.queue.retry_sending_emails)
2025-07-23 16:20:35,709 Result is kept for 600 seconds
2025-07-23 16:24:37,539 home-ash-internship_app:default: frappe.utils.background_jobs.execute_job(event=None, is_async=True, job_name='frappe.core.doctype.scheduled_job_type.scheduled_job_type.run_scheduled_jo..., kwargs={'job_type': 'frappe.email.queue.retry_sending_emails'}, method='frappe.core.doctype.scheduled_job_type.scheduled_job_type.run_scheduled_jo..., site='internship.localhost', user='Administrator') (internship.localhost::scheduled_job::frappe.email.queue.retry_sending_emails)
2025-07-23 16:24:38,105 home-ash-internship_app:default: Job OK (internship.localhost::scheduled_job::frappe.email.queue.retry_sending_emails)
2025-07-23 16:24:38,105 Result is kept for 600 seconds
2025-07-23 16:24:38,116 home-ash-internship_app:default: frappe.utils.background_jobs.execute_job(event=None, is_async=True, job_name='frappe.core.doctype.scheduled_job_type.scheduled_job_type.run_scheduled_jo..., kwargs={'job_type': 'frappe.monitor.flush'}, method='frappe.core.doctype.scheduled_job_type.scheduled_job_type.run_scheduled_jo..., site='internship.localhost', user='Administrator') (internship.localhost::scheduled_job::frappe.monitor.flush)
2025-07-23 16:24:38,639 home-ash-internship_app:default: Job OK (internship.localhost::scheduled_job::frappe.monitor.flush)
2025-07-23 16:24:38,639 Result is kept for 600 seconds
2025-07-23 16:24:38,653 home-ash-internship_app:default: frappe.utils.background_jobs.execute_job(event=None, is_async=True, job_name='frappe.core.doctype.scheduled_job_type.scheduled_job_type.run_scheduled_jo..., kwargs={'job_type': 'frappe.email.queue.flush'}, method='frappe.core.doctype.scheduled_job_type.scheduled_job_type.run_scheduled_jo..., site='internship.localhost', user='Administrator') (internship.localhost::scheduled_job::frappe.email.queue.flush)
2025-07-23 16:24:39,268 home-ash-internship_app:default: Job OK (internship.localhost::scheduled_job::frappe.email.queue.flush)
2025-07-23 16:24:39,268 Result is kept for 600 seconds
2025-07-23 16:24:39,280 home-ash-internship_app:default: frappe.utils.background_jobs.execute_job(event=None, is_async=True, job_name='frappe.core.doctype.scheduled_job_type.scheduled_job_type.run_scheduled_jo..., kwargs={'job_type': 'frappe.integrations.doctype.google_calendar.google_calendar.s..., method='frappe.core.doctype.scheduled_job_type.scheduled_job_type.run_scheduled_jo..., site='internship.localhost', user='Administrator') (internship.localhost::scheduled_job::frappe.integrations.doctype.google_calendar.google_calendar.sync)
2025-07-23 16:24:39,935 home-ash-internship_app:default: Job OK (internship.localhost::scheduled_job::frappe.integrations.doctype.google_calendar.google_calendar.sync)
2025-07-23 16:24:39,935 Result is kept for 600 seconds
2025-07-23 16:28:40,745 home-ash-internship_app:default: frappe.utils.background_jobs.execute_job(event=None, is_async=True, job_name='frappe.core.doctype.scheduled_job_type.scheduled_job_type.run_scheduled_jo..., kwargs={'job_type': 'frappe.email.queue.retry_sending_emails'}, method='frappe.core.doctype.scheduled_job_type.scheduled_job_type.run_scheduled_jo..., site='internship.localhost', user='Administrator') (internship.localhost::scheduled_job::frappe.email.queue.retry_sending_emails)
2025-07-23 16:28:41,316 home-ash-internship_app:default: Job OK (internship.localhost::scheduled_job::frappe.email.queue.retry_sending_emails)
2025-07-23 16:28:41,317 Result is kept for 600 seconds
2025-07-23 16:28:41,326 Cleaning registries for queue: home-ash-internship_app:short
2025-07-23 16:28:41,330 Cleaning registries for queue: home-ash-internship_app:default
2025-07-23 16:28:41,333 Cleaning registries for queue: home-ash-internship_app:long
2025-07-23 16:28:41,337 home-ash-internship_app:default: frappe.utils.background_jobs.execute_job(event=None, is_async=True, job_name='frappe.core.doctype.scheduled_job_type.scheduled_job_type.run_scheduled_jo..., kwargs={'job_type': 'frappe.integrations.doctype.google_calendar.google_calendar.s..., method='frappe.core.doctype.scheduled_job_type.scheduled_job_type.run_scheduled_jo..., site='internship.localhost', user='Administrator') (internship.localhost::scheduled_job::frappe.integrations.doctype.google_calendar.google_calendar.sync)
2025-07-23 16:28:42,020 home-ash-internship_app:default: Job OK (internship.localhost::scheduled_job::frappe.integrations.doctype.google_calendar.google_calendar.sync)
2025-07-23 16:28:42,021 Result is kept for 600 seconds
2025-07-23 16:28:42,033 home-ash-internship_app:default: frappe.utils.background_jobs.execute_job(event=None, is_async=True, job_name='frappe.core.doctype.scheduled_job_type.scheduled_job_type.run_scheduled_jo..., kwargs={'job_type': 'frappe.monitor.flush'}, method='frappe.core.doctype.scheduled_job_type.scheduled_job_type.run_scheduled_jo..., site='internship.localhost', user='Administrator') (internship.localhost::scheduled_job::frappe.monitor.flush)
2025-07-23 16:28:42,549 home-ash-internship_app:default: Job OK (internship.localhost::scheduled_job::frappe.monitor.flush)
2025-07-23 16:28:42,549 Result is kept for 600 seconds
2025-07-23 16:28:42,559 home-ash-internship_app:default: frappe.utils.background_jobs.execute_job(event=None, is_async=True, job_name='frappe.core.doctype.scheduled_job_type.scheduled_job_type.run_scheduled_jo..., kwargs={'job_type': 'frappe.email.queue.flush'}, method='frappe.core.doctype.scheduled_job_type.scheduled_job_type.run_scheduled_jo..., site='internship.localhost', user='Administrator') (internship.localhost::scheduled_job::frappe.email.queue.flush)
2025-07-23 16:28:43,212 home-ash-internship_app:default: Job OK (internship.localhost::scheduled_job::frappe.email.queue.flush)
2025-07-23 16:28:43,212 Result is kept for 600 seconds
2025-07-23 16:30:43,657 home-ash-internship_app:default: frappe.utils.background_jobs.execute_job(event=None, is_async=True, job_name='frappe.core.doctype.scheduled_job_type.scheduled_job_type.run_scheduled_jo..., kwargs={'job_type': 'frappe.email.doctype.email_account.email_account.notify_unrep..., method='frappe.core.doctype.scheduled_job_type.scheduled_job_type.run_scheduled_jo..., site='internship.localhost', user='Administrator') (internship.localhost::scheduled_job::frappe.email.doctype.email_account.email_account.notify_unreplied)
2025-07-23 16:30:44,245 home-ash-internship_app:default: Job OK (internship.localhost::scheduled_job::frappe.email.doctype.email_account.email_account.notify_unreplied)
2025-07-23 16:30:44,245 Result is kept for 600 seconds
2025-07-23 16:30:44,257 home-ash-internship_app:default: frappe.utils.background_jobs.execute_job(event=None, is_async=True, job_name='frappe.core.doctype.scheduled_job_type.scheduled_job_type.run_scheduled_jo..., kwargs={'job_type': 'frappe.email.doctype.email_account.email_account.pull'}, method='frappe.core.doctype.scheduled_job_type.scheduled_job_type.run_scheduled_jo..., site='internship.localhost', user='Administrator') (internship.localhost::scheduled_job::frappe.email.doctype.email_account.email_account.pull)
2025-07-23 16:30:44,836 home-ash-internship_app:default: Job OK (internship.localhost::scheduled_job::frappe.email.doctype.email_account.email_account.pull)
2025-07-23 16:30:44,836 Result is kept for 600 seconds
2025-07-23 16:30:44,848 home-ash-internship_app:default: frappe.utils.background_jobs.execute_job(event=None, is_async=True, job_name='frappe.core.doctype.scheduled_job_type.scheduled_job_type.run_scheduled_jo..., kwargs={'job_type': 'frappe.automation.doctype.reminder.reminder.send_reminders'}, method='frappe.core.doctype.scheduled_job_type.scheduled_job_type.run_scheduled_jo..., site='internship.localhost', user='Administrator') (internship.localhost::scheduled_job::frappe.automation.doctype.reminder.reminder.send_reminders)
2025-07-23 16:30:45,379 home-ash-internship_app:default: Job OK (internship.localhost::scheduled_job::frappe.automation.doctype.reminder.reminder.send_reminders)
2025-07-23 16:30:45,380 Result is kept for 600 seconds
2025-07-23 16:30:45,391 home-ash-internship_app:default: frappe.utils.background_jobs.execute_job(event=None, is_async=True, job_name='frappe.core.doctype.scheduled_job_type.scheduled_job_type.run_scheduled_jo..., kwargs={'job_type': 'frappe.model.utils.link_count.update_link_count'}, method='frappe.core.doctype.scheduled_job_type.scheduled_job_type.run_scheduled_jo..., site='internship.localhost', user='Administrator') (internship.localhost::scheduled_job::frappe.model.utils.link_count.update_link_count)
2025-07-23 16:30:45,966 home-ash-internship_app:default: Job OK (internship.localhost::scheduled_job::frappe.model.utils.link_count.update_link_count)
2025-07-23 16:30:45,966 Result is kept for 600 seconds
2025-07-23 16:30:45,978 home-ash-internship_app:default: frappe.utils.background_jobs.execute_job(event=None, is_async=True, job_name='frappe.core.doctype.scheduled_job_type.scheduled_job_type.run_scheduled_jo..., kwargs={'job_type': 'frappe.utils.global_search.sync_global_search'}, method='frappe.core.doctype.scheduled_job_type.scheduled_job_type.run_scheduled_jo..., site='internship.localhost', user='Administrator') (internship.localhost::scheduled_job::frappe.utils.global_search.sync_global_search)
2025-07-23 16:30:46,522 home-ash-internship_app:default: Job OK (internship.localhost::scheduled_job::frappe.utils.global_search.sync_global_search)
2025-07-23 16:30:46,522 Result is kept for 600 seconds
2025-07-23 16:30:46,538 home-ash-internship_app:default: frappe.utils.background_jobs.execute_job(event=None, is_async=True, job_name='frappe.core.doctype.scheduled_job_type.scheduled_job_type.run_scheduled_jo..., kwargs={'job_type': 'frappe.deferred_insert.save_to_db'}, method='frappe.core.doctype.scheduled_job_type.scheduled_job_type.run_scheduled_jo..., site='internship.localhost', user='Administrator') (internship.localhost::scheduled_job::frappe.deferred_insert.save_to_db)
2025-07-23 16:30:47,071 home-ash-internship_app:default: Job OK (internship.localhost::scheduled_job::frappe.deferred_insert.save_to_db)
2025-07-23 16:30:47,071 Result is kept for 600 seconds
2025-07-24 08:21:30,473 Cleaning registries for queue: home-ash-internship_app:short
2025-07-24 08:21:30,477 Cleaning registries for queue: home-ash-internship_app:default
2025-07-24 08:21:30,558 Cleaning registries for queue: home-ash-internship_app:long
2025-07-24 08:23:03,037 home-ash-internship_app:long: frappe.utils.background_jobs.execute_job(event=None, is_async=True, job_name='frappe.core.doctype.scheduled_job_type.scheduled_job_type.run_scheduled_jo..., kwargs={'job_type': 'frappe.sessions.clear_expired_sessions'}, method='frappe.core.doctype.scheduled_job_type.scheduled_job_type.run_scheduled_jo..., site='internship.localhost', user='Administrator') (internship.localhost::scheduled_job::frappe.sessions.clear_expired_sessions)
2025-07-24 08:23:13,477 home-ash-internship_app:long: Job OK (internship.localhost::scheduled_job::frappe.sessions.clear_expired_sessions)
2025-07-24 08:23:13,477 Result is kept for 600 seconds
2025-07-24 08:23:13,541 home-ash-internship_app:default: frappe.utils.background_jobs.execute_job(event=None, is_async=True, job_name='frappe.core.doctype.scheduled_job_type.scheduled_job_type.run_scheduled_jo..., kwargs={'job_type': 'frappe.desk.form.document_follow.send_daily_updates'}, method='frappe.core.doctype.scheduled_job_type.scheduled_job_type.run_scheduled_jo..., site='internship.localhost', user='Administrator') (internship.localhost::scheduled_job::frappe.desk.form.document_follow.send_daily_updates)
2025-07-24 08:23:16,173 home-ash-internship_app:default: Job OK (internship.localhost::scheduled_job::frappe.desk.form.document_follow.send_daily_updates)
2025-07-24 08:23:16,173 Result is kept for 600 seconds
2025-07-24 08:23:16,216 home-ash-internship_app:default: frappe.utils.background_jobs.execute_job(event=None, is_async=True, job_name='frappe.core.doctype.scheduled_job_type.scheduled_job_type.run_scheduled_jo..., kwargs={'job_type': 'frappe.monitor.flush'}, method='frappe.core.doctype.scheduled_job_type.scheduled_job_type.run_scheduled_jo..., site='internship.localhost', user='Administrator') (internship.localhost::scheduled_job::frappe.monitor.flush)
2025-07-24 08:23:18,387 home-ash-internship_app:default: Job OK (internship.localhost::scheduled_job::frappe.monitor.flush)
2025-07-24 08:23:18,388 Result is kept for 600 seconds
2025-07-24 08:23:18,411 home-ash-internship_app:default: frappe.utils.background_jobs.execute_job(event=None, is_async=True, job_name='frappe.core.doctype.scheduled_job_type.scheduled_job_type.run_scheduled_jo..., kwargs={'job_type': 'frappe.automation.doctype.reminder.reminder.send_reminders'}, method='frappe.core.doctype.scheduled_job_type.scheduled_job_type.run_scheduled_jo..., site='internship.localhost', user='Administrator') (internship.localhost::scheduled_job::frappe.automation.doctype.reminder.reminder.send_reminders)
2025-07-24 08:23:20,704 home-ash-internship_app:default: Job OK (internship.localhost::scheduled_job::frappe.automation.doctype.reminder.reminder.send_reminders)
2025-07-24 08:23:20,705 Result is kept for 600 seconds
2025-07-24 08:23:20,739 home-ash-internship_app:default: frappe.utils.background_jobs.execute_job(event=None, is_async=True, job_name='frappe.core.doctype.scheduled_job_type.scheduled_job_type.run_scheduled_jo..., kwargs={'job_type': 'frappe.email.doctype.email_account.email_account.notify_unrep..., method='frappe.core.doctype.scheduled_job_type.scheduled_job_type.run_scheduled_jo..., site='internship.localhost', user='Administrator') (internship.localhost::scheduled_job::frappe.email.doctype.email_account.email_account.notify_unreplied)
2025-07-24 08:23:22,933 home-ash-internship_app:default: Job OK (internship.localhost::scheduled_job::frappe.email.doctype.email_account.email_account.notify_unreplied)
2025-07-24 08:23:22,933 Result is kept for 600 seconds
2025-07-24 08:23:22,960 home-ash-internship_app:default: frappe.utils.background_jobs.execute_job(event=None, is_async=True, job_name='frappe.core.doctype.scheduled_job_type.scheduled_job_type.run_scheduled_jo..., kwargs={'job_type': 'frappe.email.doctype.email_account.email_account.pull'}, method='frappe.core.doctype.scheduled_job_type.scheduled_job_type.run_scheduled_jo..., site='internship.localhost', user='Administrator') (internship.localhost::scheduled_job::frappe.email.doctype.email_account.email_account.pull)
2025-07-24 08:23:24,528 home-ash-internship_app:default: Job OK (internship.localhost::scheduled_job::frappe.email.doctype.email_account.email_account.pull)
2025-07-24 08:23:24,528 Result is kept for 600 seconds
2025-07-24 08:23:24,551 home-ash-internship_app:default: frappe.utils.background_jobs.execute_job(event=None, is_async=True, job_name='frappe.core.doctype.scheduled_job_type.scheduled_job_type.run_scheduled_jo..., kwargs={'job_type': 'frappe.desk.doctype.event.event.send_event_digest'}, method='frappe.core.doctype.scheduled_job_type.scheduled_job_type.run_scheduled_jo..., site='internship.localhost', user='Administrator') (internship.localhost::scheduled_job::frappe.desk.doctype.event.event.send_event_digest)
2025-07-24 08:23:25,849 home-ash-internship_app:default: Job OK (internship.localhost::scheduled_job::frappe.desk.doctype.event.event.send_event_digest)
2025-07-24 08:23:25,849 Result is kept for 600 seconds
2025-07-24 08:23:25,862 home-ash-internship_app:default: frappe.utils.background_jobs.execute_job(event=None, is_async=True, job_name='frappe.core.doctype.scheduled_job_type.scheduled_job_type.run_scheduled_jo..., kwargs={'job_type': 'frappe.email.doctype.notification.notification.trigger_daily_..., method='frappe.core.doctype.scheduled_job_type.scheduled_job_type.run_scheduled_jo..., site='internship.localhost', user='Administrator') (internship.localhost::scheduled_job::frappe.email.doctype.notification.notification.trigger_daily_alerts)
2025-07-24 08:23:27,205 home-ash-internship_app:default: Job OK (internship.localhost::scheduled_job::frappe.email.doctype.notification.notification.trigger_daily_alerts)
2025-07-24 08:23:27,206 Result is kept for 600 seconds
2025-07-24 08:23:27,227 home-ash-internship_app:default: frappe.utils.background_jobs.execute_job(event=None, is_async=True, job_name='frappe.core.doctype.scheduled_job_type.scheduled_job_type.run_scheduled_jo..., kwargs={'job_type': 'frappe.email.queue.retry_sending_emails'}, method='frappe.core.doctype.scheduled_job_type.scheduled_job_type.run_scheduled_jo..., site='internship.localhost', user='Administrator') (internship.localhost::scheduled_job::frappe.email.queue.retry_sending_emails)
2025-07-24 08:23:28,447 home-ash-internship_app:default: Job OK (internship.localhost::scheduled_job::frappe.email.queue.retry_sending_emails)
2025-07-24 08:23:28,448 Result is kept for 600 seconds
2025-07-24 08:23:28,465 home-ash-internship_app:default: frappe.utils.background_jobs.execute_job(event=None, is_async=True, job_name='frappe.core.doctype.scheduled_job_type.scheduled_job_type.run_scheduled_jo..., kwargs={'job_type': 'frappe.email.doctype.newsletter.newsletter.send_scheduled_ema..., method='frappe.core.doctype.scheduled_job_type.scheduled_job_type.run_scheduled_jo..., site='internship.localhost', user='Administrator') (internship.localhost::scheduled_job::frappe.email.doctype.newsletter.newsletter.send_scheduled_email)
2025-07-24 08:23:30,015 home-ash-internship_app:default: Job OK (internship.localhost::scheduled_job::frappe.email.doctype.newsletter.newsletter.send_scheduled_email)
2025-07-24 08:23:30,016 Result is kept for 600 seconds
2025-07-24 08:23:30,032 home-ash-internship_app:default: frappe.utils.background_jobs.execute_job(event=None, is_async=True, job_name='frappe.core.doctype.scheduled_job_type.scheduled_job_type.run_scheduled_jo..., kwargs={'job_type': 'frappe.integrations.doctype.google_calendar.google_calendar.s..., method='frappe.core.doctype.scheduled_job_type.scheduled_job_type.run_scheduled_jo..., site='internship.localhost', user='Administrator') (internship.localhost::scheduled_job::frappe.integrations.doctype.google_calendar.google_calendar.sync)
2025-07-24 08:23:31,402 home-ash-internship_app:default: Job OK (internship.localhost::scheduled_job::frappe.integrations.doctype.google_calendar.google_calendar.sync)
2025-07-24 08:23:31,405 Result is kept for 600 seconds
2025-07-24 08:23:31,424 home-ash-internship_app:default: frappe.utils.background_jobs.execute_job(event=None, is_async=True, job_name='frappe.core.doctype.scheduled_job_type.scheduled_job_type.run_scheduled_jo..., kwargs={'job_type': 'frappe.utils.global_search.sync_global_search'}, method='frappe.core.doctype.scheduled_job_type.scheduled_job_type.run_scheduled_jo..., site='internship.localhost', user='Administrator') (internship.localhost::scheduled_job::frappe.utils.global_search.sync_global_search)
2025-07-24 08:23:32,941 home-ash-internship_app:default: Job OK (internship.localhost::scheduled_job::frappe.utils.global_search.sync_global_search)
2025-07-24 08:23:32,941 Result is kept for 600 seconds
2025-07-24 08:23:32,982 home-ash-internship_app:default: frappe.utils.background_jobs.execute_job(event=None, is_async=True, job_name='frappe.core.doctype.scheduled_job_type.scheduled_job_type.run_scheduled_jo..., kwargs={'job_type': 'frappe.model.utils.link_count.update_link_count'}, method='frappe.core.doctype.scheduled_job_type.scheduled_job_type.run_scheduled_jo..., site='internship.localhost', user='Administrator') (internship.localhost::scheduled_job::frappe.model.utils.link_count.update_link_count)
2025-07-24 08:23:35,355 home-ash-internship_app:default: Job OK (internship.localhost::scheduled_job::frappe.model.utils.link_count.update_link_count)
2025-07-24 08:23:35,356 Result is kept for 600 seconds
2025-07-24 08:23:35,369 home-ash-internship_app:default: frappe.utils.background_jobs.execute_job(event=None, is_async=True, job_name='frappe.core.doctype.scheduled_job_type.scheduled_job_type.run_scheduled_jo..., kwargs={'job_type': 'frappe.deferred_insert.save_to_db'}, method='frappe.core.doctype.scheduled_job_type.scheduled_job_type.run_scheduled_jo..., site='internship.localhost', user='Administrator') (internship.localhost::scheduled_job::frappe.deferred_insert.save_to_db)
2025-07-24 08:23:36,167 home-ash-internship_app:default: Job OK (internship.localhost::scheduled_job::frappe.deferred_insert.save_to_db)
2025-07-24 08:23:36,168 Result is kept for 600 seconds
2025-07-24 08:23:36,185 home-ash-internship_app:default: frappe.utils.background_jobs.execute_job(event=None, is_async=True, job_name='frappe.core.doctype.scheduled_job_type.scheduled_job_type.run_scheduled_jo..., kwargs={'job_type': 'frappe.email.queue.flush'}, method='frappe.core.doctype.scheduled_job_type.scheduled_job_type.run_scheduled_jo..., site='internship.localhost', user='Administrator') (internship.localhost::scheduled_job::frappe.email.queue.flush)
2025-07-24 08:23:39,036 home-ash-internship_app:default: Job OK (internship.localhost::scheduled_job::frappe.email.queue.flush)
2025-07-24 08:23:39,037 Result is kept for 600 seconds
2025-07-24 08:23:39,064 home-ash-internship_app:long: frappe.utils.background_jobs.execute_job(event=None, is_async=True, job_name='frappe.core.doctype.scheduled_job_type.scheduled_job_type.run_scheduled_jo..., kwargs={'job_type': 'frappe.integrations.doctype.google_drive.google_drive.daily_b..., method='frappe.core.doctype.scheduled_job_type.scheduled_job_type.run_scheduled_jo..., site='internship.localhost', user='Administrator') (internship.localhost::scheduled_job::frappe.integrations.doctype.google_drive.google_drive.daily_backup)
2025-07-24 08:23:40,095 home-ash-internship_app:long: Job OK (internship.localhost::scheduled_job::frappe.integrations.doctype.google_drive.google_drive.daily_backup)
2025-07-24 08:23:40,095 Result is kept for 600 seconds
2025-07-24 08:23:40,113 home-ash-internship_app:long: frappe.utils.background_jobs.execute_job(event=None, is_async=True, job_name='frappe.core.doctype.scheduled_job_type.scheduled_job_type.run_scheduled_jo..., kwargs={'job_type': 'frappe.integrations.doctype.google_contacts.google_contacts.s..., method='frappe.core.doctype.scheduled_job_type.scheduled_job_type.run_scheduled_jo..., site='internship.localhost', user='Administrator') (internship.localhost::scheduled_job::frappe.integrations.doctype.google_contacts.google_contacts.sync)
2025-07-24 08:23:41,498 home-ash-internship_app:long: Job OK (internship.localhost::scheduled_job::frappe.integrations.doctype.google_contacts.google_contacts.sync)
2025-07-24 08:23:41,501 Result is kept for 600 seconds
2025-07-24 08:23:41,518 home-ash-internship_app:long: frappe.utils.background_jobs.execute_job(event=None, is_async=True, job_name='frappe.core.doctype.scheduled_job_type.scheduled_job_type.run_scheduled_jo..., kwargs={'job_type': 'frappe.twofactor.delete_all_barcodes_for_users'}, method='frappe.core.doctype.scheduled_job_type.scheduled_job_type.run_scheduled_jo..., site='internship.localhost', user='Administrator') (internship.localhost::scheduled_job::frappe.twofactor.delete_all_barcodes_for_users)
2025-07-24 08:23:42,327 home-ash-internship_app:long: Job OK (internship.localhost::scheduled_job::frappe.twofactor.delete_all_barcodes_for_users)
2025-07-24 08:23:42,327 Result is kept for 600 seconds
2025-07-24 08:23:42,339 home-ash-internship_app:long: frappe.utils.background_jobs.execute_job(event=None, is_async=True, job_name='frappe.core.doctype.scheduled_job_type.scheduled_job_type.run_scheduled_jo..., kwargs={'job_type': 'frappe.core.doctype.prepared_report.prepared_report.expire_st..., method='frappe.core.doctype.scheduled_job_type.scheduled_job_type.run_scheduled_jo..., site='internship.localhost', user='Administrator') (internship.localhost::scheduled_job::frappe.core.doctype.prepared_report.prepared_report.expire_stalled_report)
2025-07-24 08:23:43,132 home-ash-internship_app:long: Job OK (internship.localhost::scheduled_job::frappe.core.doctype.prepared_report.prepared_report.expire_stalled_report)
2025-07-24 08:23:43,132 Result is kept for 600 seconds
2025-07-24 08:23:43,146 home-ash-internship_app:long: frappe.utils.background_jobs.execute_job(event=None, is_async=True, job_name='frappe.core.doctype.scheduled_job_type.scheduled_job_type.run_scheduled_jo..., kwargs={'job_type': 'frappe.website.doctype.personal_data_deletion_request.persona..., method='frappe.core.doctype.scheduled_job_type.scheduled_job_type.run_scheduled_jo..., site='internship.localhost', user='Administrator') (internship.localhost::scheduled_job::frappe.website.doctype.personal_data_deletion_request.personal_data_deletion_request.remove_unverified_record)
2025-07-24 08:23:44,139 home-ash-internship_app:long: Job OK (internship.localhost::scheduled_job::frappe.website.doctype.personal_data_deletion_request.personal_data_deletion_request.remove_unverified_record)
2025-07-24 08:23:44,139 Result is kept for 600 seconds
2025-07-24 08:23:44,151 home-ash-internship_app:long: frappe.utils.background_jobs.execute_job(event=None, is_async=True, job_name='frappe.core.doctype.scheduled_job_type.scheduled_job_type.run_scheduled_jo..., kwargs={'job_type': 'frappe.model.utils.user_settings.sync_user_settings'}, method='frappe.core.doctype.scheduled_job_type.scheduled_job_type.run_scheduled_jo..., site='internship.localhost', user='Administrator') (internship.localhost::scheduled_job::frappe.model.utils.user_settings.sync_user_settings)
2025-07-24 08:23:44,823 home-ash-internship_app:long: Job OK (internship.localhost::scheduled_job::frappe.model.utils.user_settings.sync_user_settings)
2025-07-24 08:23:44,824 Result is kept for 600 seconds
2025-07-24 08:23:44,835 home-ash-internship_app:long: frappe.utils.background_jobs.execute_job(event=None, is_async=True, job_name='frappe.core.doctype.scheduled_job_type.scheduled_job_type.run_scheduled_jo..., kwargs={'job_type': 'frappe.social.doctype.energy_point_settings.energy_point_sett..., method='frappe.core.doctype.scheduled_job_type.scheduled_job_type.run_scheduled_jo..., site='internship.localhost', user='Administrator') (internship.localhost::scheduled_job::frappe.social.doctype.energy_point_settings.energy_point_settings.allocate_review_points)
2025-07-24 08:23:45,981 home-ash-internship_app:long: Job OK (internship.localhost::scheduled_job::frappe.social.doctype.energy_point_settings.energy_point_settings.allocate_review_points)
2025-07-24 08:23:45,981 Result is kept for 600 seconds
2025-07-24 08:23:45,998 home-ash-internship_app:long: frappe.utils.background_jobs.execute_job(event=None, is_async=True, job_name='frappe.core.doctype.scheduled_job_type.scheduled_job_type.run_scheduled_jo..., kwargs={'job_type': 'frappe.desk.form.document_follow.send_hourly_updates'}, method='frappe.core.doctype.scheduled_job_type.scheduled_job_type.run_scheduled_jo..., site='internship.localhost', user='Administrator') (internship.localhost::scheduled_job::frappe.desk.form.document_follow.send_hourly_updates)
2025-07-24 08:23:47,311 home-ash-internship_app:long: Job OK (internship.localhost::scheduled_job::frappe.desk.form.document_follow.send_hourly_updates)
2025-07-24 08:23:47,311 Result is kept for 600 seconds
2025-07-24 08:23:47,337 home-ash-internship_app:long: frappe.utils.background_jobs.execute_job(event=None, is_async=True, job_name='frappe.core.doctype.scheduled_job_type.scheduled_job_type.run_scheduled_jo..., kwargs={'job_type': 'frappe.desk.page.backups.backups.delete_downloadable_backups'..., method='frappe.core.doctype.scheduled_job_type.scheduled_job_type.run_scheduled_jo..., site='internship.localhost', user='Administrator') (internship.localhost::scheduled_job::frappe.desk.page.backups.backups.delete_downloadable_backups)
2025-07-24 08:23:48,844 home-ash-internship_app:long: Job OK (internship.localhost::scheduled_job::frappe.desk.page.backups.backups.delete_downloadable_backups)
2025-07-24 08:23:48,845 Result is kept for 600 seconds
2025-07-24 08:23:48,858 home-ash-internship_app:long: frappe.utils.background_jobs.execute_job(event=None, is_async=True, job_name='frappe.core.doctype.scheduled_job_type.scheduled_job_type.run_scheduled_jo..., kwargs={'job_type': 'frappe.core.doctype.log_settings.log_settings.run_log_clean_u..., method='frappe.core.doctype.scheduled_job_type.scheduled_job_type.run_scheduled_jo..., site='internship.localhost', user='Administrator') (internship.localhost::scheduled_job::frappe.core.doctype.log_settings.log_settings.run_log_clean_up)
2025-07-24 08:23:49,934 home-ash-internship_app:long: Job OK (internship.localhost::scheduled_job::frappe.core.doctype.log_settings.log_settings.run_log_clean_up)
2025-07-24 08:23:49,934 Result is kept for 600 seconds
2025-07-24 08:23:49,955 home-ash-internship_app:long: frappe.utils.background_jobs.execute_job(event=None, is_async=True, job_name='frappe.core.doctype.scheduled_job_type.scheduled_job_type.run_scheduled_jo..., kwargs={'job_type': 'frappe.website.doctype.web_page.web_page.check_publish_status..., method='frappe.core.doctype.scheduled_job_type.scheduled_job_type.run_scheduled_jo..., site='internship.localhost', user='Administrator') (internship.localhost::scheduled_job::frappe.website.doctype.web_page.web_page.check_publish_status)
2025-07-24 08:23:50,748 home-ash-internship_app:long: Job OK (internship.localhost::scheduled_job::frappe.website.doctype.web_page.web_page.check_publish_status)
2025-07-24 08:23:50,748 Result is kept for 600 seconds
2025-07-24 08:23:50,761 home-ash-internship_app:long: frappe.utils.background_jobs.execute_job(event=None, is_async=True, job_name='frappe.core.doctype.scheduled_job_type.scheduled_job_type.run_scheduled_jo..., kwargs={'job_type': 'frappe.desk.notifications.clear_notifications'}, method='frappe.core.doctype.scheduled_job_type.scheduled_job_type.run_scheduled_jo..., site='internship.localhost', user='Administrator') (internship.localhost::scheduled_job::frappe.desk.notifications.clear_notifications)
2025-07-24 08:23:51,326 home-ash-internship_app:long: Job OK (internship.localhost::scheduled_job::frappe.desk.notifications.clear_notifications)
2025-07-24 08:23:51,326 Result is kept for 600 seconds
2025-07-24 08:23:51,340 home-ash-internship_app:long: frappe.utils.background_jobs.execute_job(event=None, is_async=True, job_name='frappe.core.doctype.scheduled_job_type.scheduled_job_type.run_scheduled_jo..., kwargs={'job_type': 'frappe.automation.doctype.auto_repeat.auto_repeat.make_auto_r..., method='frappe.core.doctype.scheduled_job_type.scheduled_job_type.run_scheduled_jo..., site='internship.localhost', user='Administrator') (internship.localhost::scheduled_job::frappe.automation.doctype.auto_repeat.auto_repeat.make_auto_repeat_entry)
2025-07-24 08:23:52,182 home-ash-internship_app:long: Job OK (internship.localhost::scheduled_job::frappe.automation.doctype.auto_repeat.auto_repeat.make_auto_repeat_entry)
2025-07-24 08:23:52,182 Result is kept for 600 seconds
2025-07-24 08:23:52,198 home-ash-internship_app:long: frappe.utils.background_jobs.execute_job(event=None, is_async=True, job_name='frappe.core.doctype.scheduled_job_type.scheduled_job_type.run_scheduled_jo..., kwargs={'job_type': 'frappe.email.doctype.auto_email_report.auto_email_report.send..., method='frappe.core.doctype.scheduled_job_type.scheduled_job_type.run_scheduled_jo..., site='internship.localhost', user='Administrator') (internship.localhost::scheduled_job::frappe.email.doctype.auto_email_report.auto_email_report.send_daily)
2025-07-24 08:23:53,271 home-ash-internship_app:long: Job OK (internship.localhost::scheduled_job::frappe.email.doctype.auto_email_report.auto_email_report.send_daily)
2025-07-24 08:23:53,271 Result is kept for 600 seconds
2025-07-24 08:23:53,285 home-ash-internship_app:long: frappe.utils.background_jobs.execute_job(event=None, is_async=True, job_name='frappe.core.doctype.scheduled_job_type.scheduled_job_type.run_scheduled_jo..., kwargs={'job_type': 'frappe.oauth.delete_oauth2_data'}, method='frappe.core.doctype.scheduled_job_type.scheduled_job_type.run_scheduled_jo..., site='internship.localhost', user='Administrator') (internship.localhost::scheduled_job::frappe.oauth.delete_oauth2_data)
2025-07-24 08:23:53,948 home-ash-internship_app:long: Job OK (internship.localhost::scheduled_job::frappe.oauth.delete_oauth2_data)
2025-07-24 08:23:53,948 Result is kept for 600 seconds
2025-07-24 08:23:53,960 home-ash-internship_app:long: frappe.utils.background_jobs.execute_job(event=None, is_async=True, job_name='frappe.core.doctype.scheduled_job_type.scheduled_job_type.run_scheduled_jo..., kwargs={'job_type': 'frappe.integrations.doctype.s3_backup_settings.s3_backup_sett..., method='frappe.core.doctype.scheduled_job_type.scheduled_job_type.run_scheduled_jo..., site='internship.localhost', user='Administrator') (internship.localhost::scheduled_job::frappe.integrations.doctype.s3_backup_settings.s3_backup_settings.take_backups_daily)
2025-07-24 08:23:55,020 home-ash-internship_app:long: Job OK (internship.localhost::scheduled_job::frappe.integrations.doctype.s3_backup_settings.s3_backup_settings.take_backups_daily)
2025-07-24 08:23:55,020 Result is kept for 600 seconds
2025-07-24 08:23:55,032 home-ash-internship_app:long: frappe.utils.background_jobs.execute_job(event=None, is_async=True, job_name='frappe.core.doctype.scheduled_job_type.scheduled_job_type.run_scheduled_jo..., kwargs={'job_type': 'frappe.integrations.doctype.dropbox_settings.dropbox_settings..., method='frappe.core.doctype.scheduled_job_type.scheduled_job_type.run_scheduled_jo..., site='internship.localhost', user='Administrator') (internship.localhost::scheduled_job::frappe.integrations.doctype.dropbox_settings.dropbox_settings.take_backups_daily)
2025-07-24 08:23:55,936 home-ash-internship_app:long: Job OK (internship.localhost::scheduled_job::frappe.integrations.doctype.dropbox_settings.dropbox_settings.take_backups_daily)
2025-07-24 08:23:55,936 Result is kept for 600 seconds
2025-07-24 08:23:55,950 home-ash-internship_app:long: frappe.utils.background_jobs.execute_job(event=None, is_async=True, job_name='frappe.core.doctype.scheduled_job_type.scheduled_job_type.run_scheduled_jo..., kwargs={'job_type': 'frappe.website.doctype.personal_data_deletion_request.persona..., method='frappe.core.doctype.scheduled_job_type.scheduled_job_type.run_scheduled_jo..., site='internship.localhost', user='Administrator') (internship.localhost::scheduled_job::frappe.website.doctype.personal_data_deletion_request.personal_data_deletion_request.process_data_deletion_request)
2025-07-24 08:23:56,469 home-ash-internship_app:long: Job OK (internship.localhost::scheduled_job::frappe.website.doctype.personal_data_deletion_request.personal_data_deletion_request.process_data_deletion_request)
2025-07-24 08:23:56,469 Result is kept for 600 seconds
2025-07-24 08:23:56,479 home-ash-internship_app:long: frappe.utils.background_jobs.execute_job(event=None, is_async=True, job_name='frappe.automation.doctype.auto_repeat.auto_repeat.create_repeated_entries', kwargs={'data': []}, method='frappe.automation.doctype.auto_repeat.auto_repeat.create_repeated_entries', site='internship.localhost', user='Administrator') (internship.localhost::82befea4-50ce-43ca-8406-3d98228ad628)
2025-07-24 08:23:56,891 home-ash-internship_app:long: Job OK (internship.localhost::82befea4-50ce-43ca-8406-3d98228ad628)
2025-07-24 08:23:56,891 Result is kept for 600 seconds
2025-07-24 08:24:06,531 home-ash-internship_app:default: frappe.utils.background_jobs.execute_job(event=None, is_async=True, job_name='frappe.core.doctype.scheduled_job_type.scheduled_job_type.run_scheduled_jo..., kwargs={'job_type': 'frappe.monitor.flush'}, method='frappe.core.doctype.scheduled_job_type.scheduled_job_type.run_scheduled_jo..., site='internship.localhost', user='Administrator') (internship.localhost::scheduled_job::frappe.monitor.flush)
2025-07-24 08:24:07,178 home-ash-internship_app:default: Job OK (internship.localhost::scheduled_job::frappe.monitor.flush)
2025-07-24 08:24:07,178 Result is kept for 600 seconds
2025-07-24 08:24:07,189 home-ash-internship_app:default: frappe.utils.background_jobs.execute_job(event=None, is_async=True, job_name='frappe.core.doctype.scheduled_job_type.scheduled_job_type.run_scheduled_jo..., kwargs={'job_type': 'frappe.email.queue.flush'}, method='frappe.core.doctype.scheduled_job_type.scheduled_job_type.run_scheduled_jo..., site='internship.localhost', user='Administrator') (internship.localhost::scheduled_job::frappe.email.queue.flush)
2025-07-24 08:24:08,894 home-ash-internship_app:default: Job OK (internship.localhost::scheduled_job::frappe.email.queue.flush)
2025-07-24 08:24:08,895 Result is kept for 600 seconds
2025-07-24 08:24:08,911 home-ash-internship_app:default: frappe.utils.background_jobs.execute_job(event=None, is_async=True, job_name='frappe.core.doctype.scheduled_job_type.scheduled_job_type.run_scheduled_jo..., kwargs={'job_type': 'frappe.email.queue.retry_sending_emails'}, method='frappe.core.doctype.scheduled_job_type.scheduled_job_type.run_scheduled_jo..., site='internship.localhost', user='Administrator') (internship.localhost::scheduled_job::frappe.email.queue.retry_sending_emails)
2025-07-24 08:24:09,451 home-ash-internship_app:default: Job OK (internship.localhost::scheduled_job::frappe.email.queue.retry_sending_emails)
2025-07-24 08:24:09,452 Result is kept for 600 seconds
2025-07-24 08:24:09,463 home-ash-internship_app:default: frappe.utils.background_jobs.execute_job(event=None, is_async=True, job_name='frappe.core.doctype.scheduled_job_type.scheduled_job_type.run_scheduled_jo..., kwargs={'job_type': 'frappe.integrations.doctype.google_calendar.google_calendar.s..., method='frappe.core.doctype.scheduled_job_type.scheduled_job_type.run_scheduled_jo..., site='internship.localhost', user='Administrator') (internship.localhost::scheduled_job::frappe.integrations.doctype.google_calendar.google_calendar.sync)
2025-07-24 08:24:10,159 home-ash-internship_app:default: Job OK (internship.localhost::scheduled_job::frappe.integrations.doctype.google_calendar.google_calendar.sync)
2025-07-24 08:24:10,159 Result is kept for 600 seconds
2025-07-24 08:28:08,379 home-ash-internship_app:default: frappe.utils.background_jobs.execute_job(event=None, is_async=True, job_name='frappe.core.doctype.scheduled_job_type.scheduled_job_type.run_scheduled_jo..., kwargs={'job_type': 'frappe.email.queue.flush'}, method='frappe.core.doctype.scheduled_job_type.scheduled_job_type.run_scheduled_jo..., site='internship.localhost', user='Administrator') (internship.localhost::scheduled_job::frappe.email.queue.flush)
2025-07-24 08:28:09,351 home-ash-internship_app:default: Job OK (internship.localhost::scheduled_job::frappe.email.queue.flush)
2025-07-24 08:28:09,351 Result is kept for 600 seconds
2025-07-24 08:28:09,375 home-ash-internship_app:default: frappe.utils.background_jobs.execute_job(event=None, is_async=True, job_name='frappe.core.doctype.scheduled_job_type.scheduled_job_type.run_scheduled_jo..., kwargs={'job_type': 'frappe.monitor.flush'}, method='frappe.core.doctype.scheduled_job_type.scheduled_job_type.run_scheduled_jo..., site='internship.localhost', user='Administrator') (internship.localhost::scheduled_job::frappe.monitor.flush)
2025-07-24 08:28:10,023 home-ash-internship_app:default: Job OK (internship.localhost::scheduled_job::frappe.monitor.flush)
2025-07-24 08:28:10,023 Result is kept for 600 seconds
2025-07-24 08:28:10,040 home-ash-internship_app:default: frappe.utils.background_jobs.execute_job(event=None, is_async=True, job_name='frappe.core.doctype.scheduled_job_type.scheduled_job_type.run_scheduled_jo..., kwargs={'job_type': 'frappe.integrations.doctype.google_calendar.google_calendar.s..., method='frappe.core.doctype.scheduled_job_type.scheduled_job_type.run_scheduled_jo..., site='internship.localhost', user='Administrator') (internship.localhost::scheduled_job::frappe.integrations.doctype.google_calendar.google_calendar.sync)
2025-07-24 08:28:10,827 home-ash-internship_app:default: Job OK (internship.localhost::scheduled_job::frappe.integrations.doctype.google_calendar.google_calendar.sync)
2025-07-24 08:28:10,827 Result is kept for 600 seconds
2025-07-24 08:28:10,840 home-ash-internship_app:default: frappe.utils.background_jobs.execute_job(event=None, is_async=True, job_name='frappe.core.doctype.scheduled_job_type.scheduled_job_type.run_scheduled_jo..., kwargs={'job_type': 'frappe.email.queue.retry_sending_emails'}, method='frappe.core.doctype.scheduled_job_type.scheduled_job_type.run_scheduled_jo..., site='internship.localhost', user='Administrator') (internship.localhost::scheduled_job::frappe.email.queue.retry_sending_emails)
2025-07-24 08:28:11,455 home-ash-internship_app:default: Job OK (internship.localhost::scheduled_job::frappe.email.queue.retry_sending_emails)
2025-07-24 08:28:11,455 Result is kept for 600 seconds
2025-07-24 08:30:08,803 home-ash-internship_app:default: frappe.utils.background_jobs.execute_job(event=None, is_async=True, job_name='frappe.core.doctype.scheduled_job_type.scheduled_job_type.run_scheduled_jo..., kwargs={'job_type': 'frappe.utils.global_search.sync_global_search'}, method='frappe.core.doctype.scheduled_job_type.scheduled_job_type.run_scheduled_jo..., site='internship.localhost', user='Administrator') (internship.localhost::scheduled_job::frappe.utils.global_search.sync_global_search)
2025-07-24 08:30:09,458 home-ash-internship_app:default: Job OK (internship.localhost::scheduled_job::frappe.utils.global_search.sync_global_search)
2025-07-24 08:30:09,458 Result is kept for 600 seconds
2025-07-24 08:30:09,470 home-ash-internship_app:default: frappe.utils.background_jobs.execute_job(event=None, is_async=True, job_name='frappe.core.doctype.scheduled_job_type.scheduled_job_type.run_scheduled_jo..., kwargs={'job_type': 'frappe.email.doctype.email_account.email_account.pull'}, method='frappe.core.doctype.scheduled_job_type.scheduled_job_type.run_scheduled_jo..., site='internship.localhost', user='Administrator') (internship.localhost::scheduled_job::frappe.email.doctype.email_account.email_account.pull)
2025-07-24 08:30:10,095 home-ash-internship_app:default: Job OK (internship.localhost::scheduled_job::frappe.email.doctype.email_account.email_account.pull)
2025-07-24 08:30:10,096 Result is kept for 600 seconds
2025-07-24 08:30:10,114 home-ash-internship_app:default: frappe.utils.background_jobs.execute_job(event=None, is_async=True, job_name='frappe.core.doctype.scheduled_job_type.scheduled_job_type.run_scheduled_jo..., kwargs={'job_type': 'frappe.automation.doctype.reminder.reminder.send_reminders'}, method='frappe.core.doctype.scheduled_job_type.scheduled_job_type.run_scheduled_jo..., site='internship.localhost', user='Administrator') (internship.localhost::scheduled_job::frappe.automation.doctype.reminder.reminder.send_reminders)
2025-07-24 08:30:10,743 home-ash-internship_app:default: Job OK (internship.localhost::scheduled_job::frappe.automation.doctype.reminder.reminder.send_reminders)
2025-07-24 08:30:10,743 Result is kept for 600 seconds
2025-07-24 08:30:10,756 home-ash-internship_app:default: frappe.utils.background_jobs.execute_job(event=None, is_async=True, job_name='frappe.core.doctype.scheduled_job_type.scheduled_job_type.run_scheduled_jo..., kwargs={'job_type': 'frappe.email.doctype.email_account.email_account.notify_unrep..., method='frappe.core.doctype.scheduled_job_type.scheduled_job_type.run_scheduled_jo..., site='internship.localhost', user='Administrator') (internship.localhost::scheduled_job::frappe.email.doctype.email_account.email_account.notify_unreplied)
2025-07-24 08:30:11,463 home-ash-internship_app:default: Job OK (internship.localhost::scheduled_job::frappe.email.doctype.email_account.email_account.notify_unreplied)
2025-07-24 08:30:11,463 Result is kept for 600 seconds
2025-07-24 08:30:11,475 home-ash-internship_app:default: frappe.utils.background_jobs.execute_job(event=None, is_async=True, job_name='frappe.core.doctype.scheduled_job_type.scheduled_job_type.run_scheduled_jo..., kwargs={'job_type': 'frappe.model.utils.link_count.update_link_count'}, method='frappe.core.doctype.scheduled_job_type.scheduled_job_type.run_scheduled_jo..., site='internship.localhost', user='Administrator') (internship.localhost::scheduled_job::frappe.model.utils.link_count.update_link_count)
2025-07-24 08:30:12,008 home-ash-internship_app:default: Job OK (internship.localhost::scheduled_job::frappe.model.utils.link_count.update_link_count)
2025-07-24 08:30:12,008 Result is kept for 600 seconds
2025-07-24 08:30:12,021 home-ash-internship_app:default: frappe.utils.background_jobs.execute_job(event=None, is_async=True, job_name='frappe.core.doctype.scheduled_job_type.scheduled_job_type.run_scheduled_jo..., kwargs={'job_type': 'frappe.deferred_insert.save_to_db'}, method='frappe.core.doctype.scheduled_job_type.scheduled_job_type.run_scheduled_jo..., site='internship.localhost', user='Administrator') (internship.localhost::scheduled_job::frappe.deferred_insert.save_to_db)
2025-07-24 08:30:12,581 home-ash-internship_app:default: Job OK (internship.localhost::scheduled_job::frappe.deferred_insert.save_to_db)
2025-07-24 08:30:12,581 Result is kept for 600 seconds
2025-07-24 08:32:09,317 home-ash-internship_app:default: frappe.utils.background_jobs.execute_job(event=None, is_async=True, job_name='frappe.core.doctype.scheduled_job_type.scheduled_job_type.run_scheduled_jo..., kwargs={'job_type': 'frappe.monitor.flush'}, method='frappe.core.doctype.scheduled_job_type.scheduled_job_type.run_scheduled_jo..., site='internship.localhost', user='Administrator') (internship.localhost::scheduled_job::frappe.monitor.flush)
2025-07-24 08:32:10,010 home-ash-internship_app:default: Job OK (internship.localhost::scheduled_job::frappe.monitor.flush)
2025-07-24 08:32:10,010 Result is kept for 600 seconds
2025-07-24 08:32:10,029 home-ash-internship_app:default: frappe.utils.background_jobs.execute_job(event=None, is_async=True, job_name='frappe.core.doctype.scheduled_job_type.scheduled_job_type.run_scheduled_jo..., kwargs={'job_type': 'frappe.email.queue.flush'}, method='frappe.core.doctype.scheduled_job_type.scheduled_job_type.run_scheduled_jo..., site='internship.localhost', user='Administrator') (internship.localhost::scheduled_job::frappe.email.queue.flush)
2025-07-24 08:32:10,751 home-ash-internship_app:default: Job OK (internship.localhost::scheduled_job::frappe.email.queue.flush)
2025-07-24 08:32:10,752 Result is kept for 600 seconds
2025-07-24 08:32:10,765 home-ash-internship_app:default: frappe.utils.background_jobs.execute_job(event=None, is_async=True, job_name='frappe.core.doctype.scheduled_job_type.scheduled_job_type.run_scheduled_jo..., kwargs={'job_type': 'frappe.integrations.doctype.google_calendar.google_calendar.s..., method='frappe.core.doctype.scheduled_job_type.scheduled_job_type.run_scheduled_jo..., site='internship.localhost', user='Administrator') (internship.localhost::scheduled_job::frappe.integrations.doctype.google_calendar.google_calendar.sync)
2025-07-24 08:32:11,466 home-ash-internship_app:default: Job OK (internship.localhost::scheduled_job::frappe.integrations.doctype.google_calendar.google_calendar.sync)
2025-07-24 08:32:11,466 Result is kept for 600 seconds
2025-07-24 08:32:11,479 home-ash-internship_app:default: frappe.utils.background_jobs.execute_job(event=None, is_async=True, job_name='frappe.core.doctype.scheduled_job_type.scheduled_job_type.run_scheduled_jo..., kwargs={'job_type': 'frappe.email.queue.retry_sending_emails'}, method='frappe.core.doctype.scheduled_job_type.scheduled_job_type.run_scheduled_jo..., site='internship.localhost', user='Administrator') (internship.localhost::scheduled_job::frappe.email.queue.retry_sending_emails)
2025-07-24 08:32:12,081 home-ash-internship_app:default: Job OK (internship.localhost::scheduled_job::frappe.email.queue.retry_sending_emails)
2025-07-24 08:32:12,081 Result is kept for 600 seconds
2025-07-24 08:36:09,873 home-ash-internship_app:default: frappe.utils.background_jobs.execute_job(event=None, is_async=True, job_name='frappe.core.doctype.scheduled_job_type.scheduled_job_type.run_scheduled_jo..., kwargs={'job_type': 'frappe.monitor.flush'}, method='frappe.core.doctype.scheduled_job_type.scheduled_job_type.run_scheduled_jo..., site='internship.localhost', user='Administrator') (internship.localhost::scheduled_job::frappe.monitor.flush)
2025-07-24 08:36:10,667 home-ash-internship_app:default: Job OK (internship.localhost::scheduled_job::frappe.monitor.flush)
2025-07-24 08:36:10,667 Result is kept for 600 seconds
2025-07-24 08:36:10,681 home-ash-internship_app:default: frappe.utils.background_jobs.execute_job(event=None, is_async=True, job_name='frappe.core.doctype.scheduled_job_type.scheduled_job_type.run_scheduled_jo..., kwargs={'job_type': 'frappe.integrations.doctype.google_calendar.google_calendar.s..., method='frappe.core.doctype.scheduled_job_type.scheduled_job_type.run_scheduled_jo..., site='internship.localhost', user='Administrator') (internship.localhost::scheduled_job::frappe.integrations.doctype.google_calendar.google_calendar.sync)
2025-07-24 08:36:11,568 home-ash-internship_app:default: Job OK (internship.localhost::scheduled_job::frappe.integrations.doctype.google_calendar.google_calendar.sync)
2025-07-24 08:36:11,568 Result is kept for 600 seconds
2025-07-24 08:36:11,582 home-ash-internship_app:default: frappe.utils.background_jobs.execute_job(event=None, is_async=True, job_name='frappe.core.doctype.scheduled_job_type.scheduled_job_type.run_scheduled_jo..., kwargs={'job_type': 'frappe.email.queue.retry_sending_emails'}, method='frappe.core.doctype.scheduled_job_type.scheduled_job_type.run_scheduled_jo..., site='internship.localhost', user='Administrator') (internship.localhost::scheduled_job::frappe.email.queue.retry_sending_emails)
2025-07-24 08:36:12,298 home-ash-internship_app:default: Job OK (internship.localhost::scheduled_job::frappe.email.queue.retry_sending_emails)
2025-07-24 08:36:12,299 Result is kept for 600 seconds
2025-07-24 08:36:12,313 home-ash-internship_app:default: frappe.utils.background_jobs.execute_job(event=None, is_async=True, job_name='frappe.core.doctype.scheduled_job_type.scheduled_job_type.run_scheduled_jo..., kwargs={'job_type': 'frappe.email.queue.flush'}, method='frappe.core.doctype.scheduled_job_type.scheduled_job_type.run_scheduled_jo..., site='internship.localhost', user='Administrator') (internship.localhost::scheduled_job::frappe.email.queue.flush)
2025-07-24 08:36:13,327 home-ash-internship_app:default: Job OK (internship.localhost::scheduled_job::frappe.email.queue.flush)
2025-07-24 08:36:13,328 Result is kept for 600 seconds
2025-07-24 08:40:10,694 home-ash-internship_app:default: frappe.utils.background_jobs.execute_job(event=None, is_async=True, job_name='frappe.core.doctype.scheduled_job_type.scheduled_job_type.run_scheduled_jo..., kwargs={'job_type': 'frappe.integrations.doctype.google_calendar.google_calendar.s..., method='frappe.core.doctype.scheduled_job_type.scheduled_job_type.run_scheduled_jo..., site='internship.localhost', user='Administrator') (internship.localhost::scheduled_job::frappe.integrations.doctype.google_calendar.google_calendar.sync)
2025-07-24 08:40:11,425 home-ash-internship_app:default: Job OK (internship.localhost::scheduled_job::frappe.integrations.doctype.google_calendar.google_calendar.sync)
2025-07-24 08:40:11,426 Result is kept for 600 seconds
2025-07-24 08:40:11,437 home-ash-internship_app:default: frappe.utils.background_jobs.execute_job(event=None, is_async=True, job_name='frappe.core.doctype.scheduled_job_type.scheduled_job_type.run_scheduled_jo..., kwargs={'job_type': 'frappe.email.queue.retry_sending_emails'}, method='frappe.core.doctype.scheduled_job_type.scheduled_job_type.run_scheduled_jo..., site='internship.localhost', user='Administrator') (internship.localhost::scheduled_job::frappe.email.queue.retry_sending_emails)
2025-07-24 08:40:12,034 home-ash-internship_app:default: Job OK (internship.localhost::scheduled_job::frappe.email.queue.retry_sending_emails)
2025-07-24 08:40:12,035 Result is kept for 600 seconds
2025-07-24 08:40:12,047 home-ash-internship_app:default: frappe.utils.background_jobs.execute_job(event=None, is_async=True, job_name='frappe.core.doctype.scheduled_job_type.scheduled_job_type.run_scheduled_jo..., kwargs={'job_type': 'frappe.monitor.flush'}, method='frappe.core.doctype.scheduled_job_type.scheduled_job_type.run_scheduled_jo..., site='internship.localhost', user='Administrator') (internship.localhost::scheduled_job::frappe.monitor.flush)
2025-07-24 08:40:12,572 home-ash-internship_app:default: Job OK (internship.localhost::scheduled_job::frappe.monitor.flush)
2025-07-24 08:40:12,572 Result is kept for 600 seconds
2025-07-24 08:40:12,588 home-ash-internship_app:default: frappe.utils.background_jobs.execute_job(event=None, is_async=True, job_name='frappe.core.doctype.scheduled_job_type.scheduled_job_type.run_scheduled_jo..., kwargs={'job_type': 'frappe.email.queue.flush'}, method='frappe.core.doctype.scheduled_job_type.scheduled_job_type.run_scheduled_jo..., site='internship.localhost', user='Administrator') (internship.localhost::scheduled_job::frappe.email.queue.flush)
2025-07-24 08:40:13,336 home-ash-internship_app:default: Job OK (internship.localhost::scheduled_job::frappe.email.queue.flush)
2025-07-24 08:40:13,337 Result is kept for 600 seconds
2025-07-24 08:40:13,353 home-ash-internship_app:default: frappe.utils.background_jobs.execute_job(event=None, is_async=True, job_name='frappe.core.doctype.scheduled_job_type.scheduled_job_type.run_scheduled_jo..., kwargs={'job_type': 'frappe.email.doctype.email_account.email_account.pull'}, method='frappe.core.doctype.scheduled_job_type.scheduled_job_type.run_scheduled_jo..., site='internship.localhost', user='Administrator') (internship.localhost::scheduled_job::frappe.email.doctype.email_account.email_account.pull)
2025-07-24 08:40:14,242 home-ash-internship_app:default: Job OK (internship.localhost::scheduled_job::frappe.email.doctype.email_account.email_account.pull)
2025-07-24 08:40:14,242 Result is kept for 600 seconds
2025-07-24 08:44:11,499 home-ash-internship_app:default: frappe.utils.background_jobs.execute_job(event=None, is_async=True, job_name='frappe.core.doctype.scheduled_job_type.scheduled_job_type.run_scheduled_jo..., kwargs={'job_type': 'frappe.email.queue.flush'}, method='frappe.core.doctype.scheduled_job_type.scheduled_job_type.run_scheduled_jo..., site='internship.localhost', user='Administrator') (internship.localhost::scheduled_job::frappe.email.queue.flush)
2025-07-24 08:44:12,322 home-ash-internship_app:default: Job OK (internship.localhost::scheduled_job::frappe.email.queue.flush)
2025-07-24 08:44:12,323 Result is kept for 600 seconds
2025-07-24 08:44:12,341 Cleaning registries for queue: home-ash-internship_app:short
2025-07-24 08:44:12,346 Cleaning registries for queue: home-ash-internship_app:default
2025-07-24 08:44:12,351 Cleaning registries for queue: home-ash-internship_app:long
2025-07-24 08:44:12,359 home-ash-internship_app:default: frappe.utils.background_jobs.execute_job(event=None, is_async=True, job_name='frappe.core.doctype.scheduled_job_type.scheduled_job_type.run_scheduled_jo..., kwargs={'job_type': 'frappe.email.queue.retry_sending_emails'}, method='frappe.core.doctype.scheduled_job_type.scheduled_job_type.run_scheduled_jo..., site='internship.localhost', user='Administrator') (internship.localhost::scheduled_job::frappe.email.queue.retry_sending_emails)
2025-07-24 08:44:13,126 home-ash-internship_app:default: Job OK (internship.localhost::scheduled_job::frappe.email.queue.retry_sending_emails)
2025-07-24 08:44:13,126 Result is kept for 600 seconds
2025-07-24 08:44:13,138 home-ash-internship_app:default: frappe.utils.background_jobs.execute_job(event=None, is_async=True, job_name='frappe.core.doctype.scheduled_job_type.scheduled_job_type.run_scheduled_jo..., kwargs={'job_type': 'frappe.integrations.doctype.google_calendar.google_calendar.s..., method='frappe.core.doctype.scheduled_job_type.scheduled_job_type.run_scheduled_jo..., site='internship.localhost', user='Administrator') (internship.localhost::scheduled_job::frappe.integrations.doctype.google_calendar.google_calendar.sync)
2025-07-24 08:44:13,824 home-ash-internship_app:default: Job OK (internship.localhost::scheduled_job::frappe.integrations.doctype.google_calendar.google_calendar.sync)
2025-07-24 08:44:13,824 Result is kept for 600 seconds
2025-07-24 08:44:13,840 home-ash-internship_app:default: frappe.utils.background_jobs.execute_job(event=None, is_async=True, job_name='frappe.core.doctype.scheduled_job_type.scheduled_job_type.run_scheduled_jo..., kwargs={'job_type': 'frappe.monitor.flush'}, method='frappe.core.doctype.scheduled_job_type.scheduled_job_type.run_scheduled_jo..., site='internship.localhost', user='Administrator') (internship.localhost::scheduled_job::frappe.monitor.flush)
2025-07-24 08:44:14,379 home-ash-internship_app:default: Job OK (internship.localhost::scheduled_job::frappe.monitor.flush)
2025-07-24 08:44:14,379 Result is kept for 600 seconds
